com.androidthermostat.client/comandroidthermostatclient/build/outputs/logs/manifest-merger-release-report.txt
-- Merging decision tree log ---
manifest
ADDED from src/main/AndroidManifest.xml:1:1-37:12
	package
		ADDED from src/main/AndroidManifest.xml:3:5-43
		INJECTED from src/main/AndroidManifest.xml
		INJECTED from src/main/AndroidManifest.xml
	android:versionName
		ADDED from src/main/AndroidManifest.xml:5:5-31
		INJECTED from src/main/AndroidManifest.xml
		INJECTED from src/main/AndroidManifest.xml
	android:versionCode
		ADDED from src/main/AndroidManifest.xml:4:5-28
		INJECTED from src/main/AndroidManifest.xml
		INJECTED from src/main/AndroidManifest.xml
	xmlns:android
		ADDED from src/main/AndroidManifest.xml:2:5-63
uses-sdk
ADDED from src/main/AndroidManifest.xml:7:5-74
MERGED from [com.androidthermostat.client:holoEverywhereLib:unspecified] AndroidManifest.xml:7:5-43
MERGED from [com.actionbarsherlock:actionbarsherlock:4.4.0] AndroidManifest.xml:3:3-70
MERGED from [com.actionbarsherlock:actionbarsherlock:4.4.0] AndroidManifest.xml:3:3-70
	android:targetSdkVersion
		ADDED from src/main/AndroidManifest.xml:7:42-71
		INJECTED from src/main/AndroidManifest.xml
		INJECTED from src/main/AndroidManifest.xml
	android:minSdkVersion
		ADDED from src/main/AndroidManifest.xml:7:15-41
		INJECTED from src/main/AndroidManifest.xml
		INJECTED from src/main/AndroidManifest.xml
uses-permission#android.permission.INTERNET
ADDED from src/main/AndroidManifest.xml:8:5-67
	android:name
		ADDED from src/main/AndroidManifest.xml:8:22-64
uses-permission#android.permission.ACCESS_WIFI_STATE
ADDED from src/main/AndroidManifest.xml:9:5-76
	android:name
		ADDED from src/main/AndroidManifest.xml:9:22-73
uses-permission#android.permission.CHANGE_WIFI_MULTICAST_STATE
ADDED from src/main/AndroidManifest.xml:10:5-86
	android:name
		ADDED from src/main/AndroidManifest.xml:10:22-83
uses-feature#android.hardware.touchscreen
ADDED from src/main/AndroidManifest.xml:11:5-89
	android:required
		ADDED from src/main/AndroidManifest.xml:11:63-87
	android:name
		ADDED from src/main/AndroidManifest.xml:11:19-62
application
ADDED from src/main/AndroidManifest.xml:13:5-35:19
MERGED from [com.actionbarsherlock:actionbarsherlock:4.4.0] AndroidManifest.xml:4:3-17
MERGED from [com.actionbarsherlock:actionbarsherlock:4.4.0] AndroidManifest.xml:4:3-17
	android:label
		ADDED from src/main/AndroidManifest.xml:13:18-50
	android:icon
		ADDED from src/main/AndroidManifest.xml:13:51-87
	android:theme
		ADDED from src/main/AndroidManifest.xml:13:88-129
activity#com.androidthermostat.client.ServerSelectActivity
ADDED from src/main/AndroidManifest.xml:15:17-17:28
	android:screenOrientation
		ADDED from src/main/AndroidManifest.xml:15:63-100
	android:label
		ADDED from src/main/AndroidManifest.xml:15:101-130
	android:theme
		ADDED from src/main/AndroidManifest.xml:15:131-168
	android:name
		ADDED from src/main/AndroidManifest.xml:15:27-62
activity#com.androidthermostat.client.MainActivity
ADDED from src/main/AndroidManifest.xml:19:17-24:28
	android:screenOrientation
		ADDED from src/main/AndroidManifest.xml:19:55-92
	android:name
		ADDED from src/main/AndroidManifest.xml:19:27-54
intent-filter#android.intent.action.MAIN+android.intent.category.LAUNCHER
ADDED from src/main/AndroidManifest.xml:20:21-23:37
action#android.intent.action.MAIN
ADDED from src/main/AndroidManifest.xml:21:25-77
	android:name
		ADDED from src/main/AndroidManifest.xml:21:33-74
category#android.intent.category.LAUNCHER
ADDED from src/main/AndroidManifest.xml:22:25-85
	android:name
		ADDED from src/main/AndroidManifest.xml:22:35-82
activity#com.androidthermostat.client.SetTemperatureActivity
ADDED from src/main/AndroidManifest.xml:25:17-175
	android:screenOrientation
		ADDED from src/main/AndroidManifest.xml:25:65-102
	android:label
		ADDED from src/main/AndroidManifest.xml:25:103-134
	android:theme
		ADDED from src/main/AndroidManifest.xml:25:135-172
	android:name
		ADDED from src/main/AndroidManifest.xml:25:27-64
activity#com.androidthermostat.client.SettingsActivity
ADDED from src/main/AndroidManifest.xml:26:17-162
	android:screenOrientation
		ADDED from src/main/AndroidManifest.xml:26:59-96
	android:label
		ADDED from src/main/AndroidManifest.xml:26:97-121
	android:theme
		ADDED from src/main/AndroidManifest.xml:26:122-159
	android:name
		ADDED from src/main/AndroidManifest.xml:26:27-58
activity#com.androidthermostat.client.SchedulesActivity
ADDED from src/main/AndroidManifest.xml:27:17-164
	android:screenOrientation
		ADDED from src/main/AndroidManifest.xml:27:60-97
	android:label
		ADDED from src/main/AndroidManifest.xml:27:98-123
	android:theme
		ADDED from src/main/AndroidManifest.xml:27:124-161
	android:name
		ADDED from src/main/AndroidManifest.xml:27:27-59
activity#com.androidthermostat.client.ScheduleActivity
ADDED from src/main/AndroidManifest.xml:28:17-167
	android:screenOrientation
		ADDED from src/main/AndroidManifest.xml:28:59-96
	android:label
		ADDED from src/main/AndroidManifest.xml:28:97-126
	android:theme
		ADDED from src/main/AndroidManifest.xml:28:127-164
	android:name
		ADDED from src/main/AndroidManifest.xml:28:27-58
activity#com.androidthermostat.client.ScheduleTabsFragment
ADDED from src/main/AndroidManifest.xml:29:17-172
	android:screenOrientation
		ADDED from src/main/AndroidManifest.xml:29:63-100
	android:label
		ADDED from src/main/AndroidManifest.xml:29:101-130
	android:theme
		ADDED from src/main/AndroidManifest.xml:29:131-168
	android:name
		ADDED from src/main/AndroidManifest.xml:29:27-62
activity#com.androidthermostat.client.CopyScheduleActivity
ADDED from src/main/AndroidManifest.xml:31:17-188
	android:screenOrientation
		ADDED from src/main/AndroidManifest.xml:31:63-100
	android:label
		ADDED from src/main/AndroidManifest.xml:31:101-130
	android:theme
		ADDED from src/main/AndroidManifest.xml:31:148-185
	android:name
		ADDED from src/main/AndroidManifest.xml:31:27-62
activity#com.androidthermostat.client.ScheduleEntryEditActivity
ADDED from src/main/AndroidManifest.xml:32:17-182
	android:screenOrientation
		ADDED from src/main/AndroidManifest.xml:32:68-105
	android:label
		ADDED from src/main/AndroidManifest.xml:32:106-141
	android:theme
		ADDED from src/main/AndroidManifest.xml:32:142-179
	android:name
		ADDED from src/main/AndroidManifest.xml:32:27-67
android:uses-permission#android.permission.WRITE_EXTERNAL_STORAGE
IMPLIED from src/main/AndroidManifest.xml:1:1-37:12 reason: com.WazaBe.HoloEverywhere has a targetSdkVersion < 4
android:uses-permission#android.permission.READ_PHONE_STATE
IMPLIED from src/main/AndroidManifest.xml:1:1-37:12 reason: com.WazaBe.HoloEverywhere has a targetSdkVersion < 4
android:uses-permission#android.permission.READ_EXTERNAL_STORAGE
IMPLIED from src/main/AndroidManifest.xml:1:1-37:12 reason: com.WazaBe.HoloEverywhere requested WRITE_EXTERNAL_STORAGE